<?xml version="1.0" encoding="UTF-8"?>
<!-- Generated by org.testng.reporters.JUnitReportReporter -->
<testsuite name="SearchItems.SearchItemsByExcel" tests="1" time="30.827" ignored="0" failures="0" timestamp="14 Jan 2017 16:27:06 GMT" skipped="0" hostname="PeopleNTech_NYA" errors="0">
  <testcase name="serch" time="30.827" classname="SearchItems.SearchItemsByExcel"/>
</testsuite> <!-- SearchItems.SearchItemsByExcel -->
