<?xml version="1.0" encoding="UTF-8"?>
<!-- Generated by org.testng.reporters.JUnitReportReporter -->
<testsuite name="SearchItems.SearchItemsByDataProvider" tests="1" time="44.881" ignored="0" failures="0" timestamp="14 Jan 2017 16:09:38 GMT" skipped="0" hostname="PeopleNTech_NYA" errors="0">
  <testcase name="searchUsingExcelFile" time="44.881" classname="SearchItems.SearchItemsByDataProvider"/>
</testsuite> <!-- SearchItems.SearchItemsByDataProvider -->
