<?xml version="1.0" encoding="UTF-8"?>
<!-- Generated by org.testng.reporters.JUnitReportReporter -->
<testsuite name="SearchItems.DropDownMenuSearch" tests="1" time="30.550" ignored="0" failures="0" timestamp="31 Jan 2017 21:30:52 GMT" skipped="0" hostname="AlexeiGladyshev" errors="0">
  <testcase name="dropDownMenu" time="30.550" classname="SearchItems.DropDownMenuSearch"/>
</testsuite> <!-- SearchItems.DropDownMenuSearch -->
