<?xml version="1.0" encoding="UTF-8"?>
<!-- Generated by org.testng.reporters.JUnitReportReporter -->
<testsuite name="SearchItems.SearchItemsByExcel" tests="1" time="77.166" ignored="0" failures="0" timestamp="24 Feb 2017 21:22:22 GMT" skipped="0" hostname="AlexeiGladyshev" errors="0">
  <testcase name="search" time="77.166" classname="SearchItems.SearchItemsByExcel"/>
</testsuite> <!-- SearchItems.SearchItemsByExcel -->
