<?xml version="1.0" encoding="UTF-8"?>
<!-- Generated by org.testng.reporters.JUnitReportReporter -->
<testsuite name="SearchItems.SearchItemsByDataProvider" tests="3" time="0.004" ignored="0" failures="0" timestamp="23 Feb 2017 19:43:18 GMT" skipped="3" hostname="AlexeiGladyshev" errors="0">
  <testcase name="searchUsingDataProvider" time="0.002" classname="SearchItems.SearchItemsByDataProvider">
    <skipped/>
  </testcase> <!-- searchUsingDataProvider -->
  <testcase name="searchUsingDataProvider" time="0.001" classname="SearchItems.SearchItemsByDataProvider">
    <skipped/>
  </testcase> <!-- searchUsingDataProvider -->
  <testcase name="searchUsingDataProvider" time="0.001" classname="SearchItems.SearchItemsByDataProvider">
    <skipped/>
  </testcase> <!-- searchUsingDataProvider -->
</testsuite> <!-- SearchItems.SearchItemsByDataProvider -->
