<?xml version="1.0" encoding="UTF-8"?>
<!-- Generated by org.testng.reporters.JUnitReportReporter -->
<testsuite name="SearchItems.SearchItemsByDatabase" tests="1" time="0.001" ignored="0" failures="0" timestamp="23 Feb 2017 19:43:18 GMT" skipped="1" hostname="AlexeiGladyshev" errors="0">
  <testcase name="searchUsingDB" time="0.001" classname="SearchItems.SearchItemsByDatabase">
    <skipped/>
  </testcase> <!-- searchUsingDB -->
</testsuite> <!-- SearchItems.SearchItemsByDatabase -->
