<?xml version="1.0" encoding="UTF-8"?>
<!-- Generated by org.testng.reporters.JUnitReportReporter -->
<testsuite name="SearchItems.SearchItemsByExcel" tests="1" time="55.383" ignored="0" failures="0" timestamp="31 Jan 2017 21:30:52 GMT" skipped="0" hostname="AlexeiGladyshev" errors="0">
  <testcase name="search" time="55.383" classname="SearchItems.SearchItemsByExcel"/>
</testsuite> <!-- SearchItems.SearchItemsByExcel -->
