<?xml version="1.0" encoding="UTF-8"?>
<!-- Generated by org.testng.reporters.JUnitReportReporter -->
<testsuite name="SearchItems.SearchItemsByExcel" tests="1" time="71.673" ignored="0" failures="0" timestamp="23 Feb 2017 17:51:07 GMT" skipped="0" hostname="AlexeiGladyshev" errors="0">
  <testcase name="search" time="71.673" classname="SearchItems.SearchItemsByExcel"/>
</testsuite> <!-- SearchItems.SearchItemsByExcel -->
