<?xml version="1.0" encoding="UTF-8"?>
<!-- Generated by org.testng.reporters.JUnitReportReporter -->
<testsuite name="SearchItems.SearchItemsByDataProvider" tests="3" time="59.437" ignored="0" failures="0" timestamp="23 Feb 2017 17:51:07 GMT" skipped="0" hostname="AlexeiGladyshev" errors="0">
  <testcase name="searchUsingDataProvider" time="18.091" classname="SearchItems.SearchItemsByDataProvider"/>
  <testcase name="searchUsingDataProvider" time="18.908" classname="SearchItems.SearchItemsByDataProvider"/>
  <testcase name="searchUsingDataProvider" time="22.438" classname="SearchItems.SearchItemsByDataProvider"/>
</testsuite> <!-- SearchItems.SearchItemsByDataProvider -->
