<?xml version="1.0" encoding="UTF-8"?>
<!-- Generated by org.testng.reporters.JUnitReportReporter -->
<testsuite name="SearchItems.SearchItemsByExcel" tests="1" time="46.484" ignored="0" failures="0" timestamp="01 Feb 2017 19:15:36 GMT" skipped="0" hostname="AlexeiGladyshev" errors="0">
  <testcase name="search" time="46.484" classname="SearchItems.SearchItemsByExcel"/>
</testsuite> <!-- SearchItems.SearchItemsByExcel -->
