<?xml version="1.0" encoding="UTF-8"?>
<!-- Generated by org.testng.reporters.JUnitReportReporter -->
<testsuite name="SearchItems.DropDownMenuSearch" tests="1" time="0.004" ignored="0" failures="0" timestamp="23 Feb 2017 19:43:18 GMT" skipped="1" hostname="AlexeiGladyshev" errors="0">
  <testcase name="dropDownMenu" time="0.004" classname="SearchItems.DropDownMenuSearch">
    <skipped/>
  </testcase> <!-- dropDownMenu -->
</testsuite> <!-- SearchItems.DropDownMenuSearch -->
